12-22-2022 20:08:46: INFO: **********************************************Test_001_Login***************************************************
12-22-2022 20:08:46: INFO: **********************************************DpWork Login Page Testing***************************************************
12-22-2022 20:08:49: INFO: **********************************************Request DP Work QA URL***************************************************
12-22-2022 20:08:49: INFO: **********************************************Get Data from Excel File***************************************************
12-22-2022 20:08:51: INFO: **********************************************Username Entered- kolkatauser@gmail.com***************************************************
12-22-2022 20:08:51: INFO: **********************************************Corresponding Password Entered***************************************************
12-22-2022 20:08:53: INFO: **********************************************Click on login button***************************************************
12-22-2022 20:08:55: INFO: **********************************************Message displayed***************************************************
12-22-2022 20:08:56: INFO: **********************************************Username Entered- dyutiuser@gmail.com***************************************************
12-22-2022 20:08:56: INFO: **********************************************Corresponding Password Entered***************************************************
12-22-2022 20:08:57: INFO: **********************************************Click on login button***************************************************
12-22-2022 20:08:59: INFO: **********************************************Message displayed***************************************************
12-22-2022 20:09:01: INFO: **********************************************Username Entered- tarzaan@gmail.com***************************************************
12-22-2022 20:09:01: INFO: **********************************************Corresponding Password Entered***************************************************
12-22-2022 20:09:02: INFO: **********************************************Click on login button***************************************************
12-22-2022 20:09:04: INFO: **********************************************Message displayed***************************************************
12-22-2022 20:09:05: INFO: **********************************************Username Entered- supermodel@test.com***************************************************
12-22-2022 20:09:06: INFO: **********************************************Corresponding Password Entered***************************************************
12-22-2022 20:09:07: INFO: **********************************************Click on login button***************************************************
12-22-2022 20:09:09: INFO: **********************************************Message displayed***************************************************
12-22-2022 20:09:10: INFO: **********************************************Username Entered- modelsupa@test.com***************************************************
12-22-2022 20:09:10: INFO: **********************************************Corresponding Password Entered***************************************************
12-22-2022 20:09:12: INFO: **********************************************Click on login button***************************************************
12-22-2022 20:09:14: INFO: **********************************************Message displayed***************************************************
12-22-2022 20:09:15: INFO: **********************************************Username Entered- superb@media.com***************************************************
12-22-2022 20:09:15: INFO: **********************************************Corresponding Password Entered***************************************************
12-22-2022 20:09:16: INFO: **********************************************Click on login button***************************************************
12-22-2022 20:09:18: INFO: **********************************************Message displayed***************************************************
12-22-2022 20:09:20: INFO: **********************************************Username Entered- cartoon@network.com***************************************************
12-22-2022 20:09:20: INFO: **********************************************Corresponding Password Entered***************************************************
12-22-2022 20:09:21: INFO: **********************************************Click on login button***************************************************
12-22-2022 20:09:23: INFO: **********************************************Message displayed***************************************************
12-22-2022 20:09:24: INFO: **********************************************Username Entered- mahesh@babu.com***************************************************
12-22-2022 20:09:25: INFO: **********************************************Corresponding Password Entered***************************************************
12-22-2022 20:09:26: INFO: **********************************************Click on login button***************************************************
12-22-2022 20:09:28: INFO: **********************************************Message displayed***************************************************
12-22-2022 20:09:29: INFO: **********************************************Username Entered- avataar@part.com***************************************************
12-22-2022 20:09:29: INFO: **********************************************Corresponding Password Entered***************************************************
12-22-2022 20:09:30: INFO: **********************************************Click on login button***************************************************
12-22-2022 20:09:33: INFO: **********************************************Message displayed***************************************************
12-22-2022 20:09:34: INFO: **********************************************Username Entered- bankura@test.com***************************************************
12-22-2022 20:09:34: INFO: **********************************************Corresponding Password Entered***************************************************
12-22-2022 20:09:35: INFO: **********************************************Click on login button***************************************************
12-22-2022 20:09:39: INFO: **********************************************Click on Logout button***************************************************
12-22-2022 20:09:42: INFO: **********************************************Test_001_Login- Passed***************************************************
